<?xml version="1.0" encoding="UTF-8"?>
<testsuite xmlns:xsi="http://www.w3.org/2001/XMLSchema-instance" xsi:noNamespaceSchemaLocation="https://maven.apache.org/surefire/maven-surefire-plugin/xsd/surefire-test-report.xsd" name="cn.edu.xmu.javaee.restfuldemo.controller.GoodsControllerTest" time="0.985" tests="5" errors="0" skipped="0" failures="0">
  <properties>
[...]
</properties>
  <testcase name="modiGoodTest" classname="cn.edu.xmu.javaee.restfuldemo.controller.GoodsControllerTest" time="0.04"/>
  <testcase name="delGoodsTest" classname="cn.edu.xmu.javaee.restfuldemo.controller.GoodsControllerTest" time="0.006"/>
  <testcase name="createGoodTest" classname="cn.edu.xmu.javaee.restfuldemo.controller.GoodsControllerTest" time="0.02"/>
  <testcase name="searchGoodsByNameTest" classname="cn.edu.xmu.javaee.restfuldemo.controller.GoodsControllerTest" time="0.007"/>
  <testcase name="getGoodByIdTest" classname="cn.edu.xmu.javaee.restfuldemo.controller.GoodsControllerTest" time="0.009"/>
</testsuite>